\BOOKMARK [0][-]{chapter.1}{Uvod}{}% 1
\BOOKMARK [0][-]{chapter.2}{Osnovni koncepti}{}% 2
\BOOKMARK [1][-]{section.2.1}{Algoritmi SR-a}{chapter.2}% 3
\BOOKMARK [1][-]{section.2.2}{Konvolucione mre\236e}{chapter.2}% 4
\BOOKMARK [1][-]{section.2.3}{Tehnike dubokog ucenja za restauraciju slike}{chapter.2}% 5
\BOOKMARK [0][-]{chapter.3}{Konvolucione mre\236e super rezolucije}{}% 6
\BOOKMARK [1][-]{section.3.1}{Definicija}{chapter.3}% 7
\BOOKMARK [2][-]{subsection.3.1.1}{Izvlacenje i reprezentacija segmenata}{section.3.1}% 8
\BOOKMARK [2][-]{subsection.3.1.2}{Nelinearno mapiranje}{section.3.1}% 9
\BOOKMARK [2][-]{subsection.3.1.3}{Rekonstrukcija}{section.3.1}% 10
\BOOKMARK [1][-]{section.3.2}{Analogija sa tehnikama SC-a}{chapter.3}% 11
\BOOKMARK [1][-]{section.3.3}{Treniranje mre\236e}{chapter.3}% 12
\BOOKMARK [0][-]{chapter.4}{Ogledi}{}% 13
\BOOKMARK [1][-]{section.4.1}{Skup trening-uzoraka}{chapter.4}% 14
\BOOKMARK [1][-]{section.4.2}{Postavke modela}{chapter.4}% 15
\BOOKMARK [2][-]{subsection.4.2.1}{Broj filtera}{section.4.2}% 16
\BOOKMARK [2][-]{subsection.4.2.2}{Velicina filtera}{section.4.2}% 17
\BOOKMARK [2][-]{subsection.4.2.3}{Dubina mre\236e}{section.4.2}% 18
\BOOKMARK [1][-]{section.4.3}{Poreenja sa drugim tehnikama}{chapter.4}% 19
\BOOKMARK [2][-]{subsection.4.3.1}{Analiza i ocjene}{section.4.3}% 20
\BOOKMARK [2][-]{subsection.4.3.2}{Vrijeme izvr\235avanja}{section.4.3}% 21
\BOOKMARK [1][-]{section.4.4}{Kolor-kanali}{chapter.4}% 22
\BOOKMARK [0][-]{chapter.5}{Pobolj\235anje modela}{}% 23
\BOOKMARK [0][-]{chapter.6}{Programska realizacija}{}% 24
\BOOKMARK [0][-]{chapter.7}{Zakljucak}{}% 25
\BOOKMARK [0][-]{chapter.8}{Prilozi}{}% 26
\BOOKMARK [0][-]{figure.caption.19}{Bibliografija}{}% 27
